<?xml version="1.0" encoding="UTF-8" ?>
<testsuite errors="0" failures="0" hostname="pompeu-System-Product-Name" name="testes.DAO.FornecedorDAOTeste" skipped="0" tests="2" time="1.786" timestamp="2014-11-29T14:30:07">
  <properties>
    <property name="netbeans.autoupdate.country" value="PT" />
    <property name="javax.xml.parsers.SAXParserFactory" value="com.sun.org.apache.xerces.internal.jaxp.SAXParserFactoryImpl" />
    <property name="javafx.binarycss" value="false" />
    <property name="javac.test.classpath" value="/usr/lib/jvm/java-8-oracle/jre/lib/javaws.jar:/usr/lib/jvm/java-8-oracle/jre/lib/deploy.jar:/usr/lib/jvm/java-8-oracle/jre/lib/plugin.jar:/home/pompeu/netbeans-8.0.1/java/modules/ext/eclipselink/eclipselink.jar:/home/pompeu/netbeans-8.0.1/java/modules/ext/eclipselink/javax.persistence_2.1.0.v201304241213.jar:/home/pompeu/netbeans-8.0.1/java/modules/ext/eclipselink/org.eclipse.persistence.jpa.jpql_2.5.2.v20140319-9ad6abd.jar:/home/pompeu/netbeans-8.0.1/ide/modules/ext/postgresql-9.2-1002.jdbc4.jar:build/classes:/home/pompeu/netbeans-8.0.1/platform/modules/ext/junit-4.10.jar" />
    <property name="manifest.custom.codebase" value="*" />
    <property name="libs.JasperReports.javadoc" value="" />
    <property name="libs.junit.javadoc" value="/home/pompeu/netbeans-8.0.1/java/docs/junit-3.8.2-api.zip" />
    <property name="javac.includes" value="testes/DAO/FornecedorDAOTeste.java" />
    <property name="ant.core.lib" value="/home/pompeu/netbeans-8.0.1/extide/ant/lib/ant.jar" />
    <property name="javadoc.windowtitle" value="" />
    <property name="javafx.preloader.enabled" value="false" />
    <property name="user.dir" value="/home/pompeu/NetBeansProjects/lojinhaJavaX" />
    <property name="java.vm.version" value="25.25-b02" />
    <property name="libs.JasperReports.src" value="" />
    <property name="libs.MySQLDriver.classpath" value="/home/pompeu/netbeans-8.0.1/ide/modules/ext/mysql-connector-java-5.1.23-bin.jar" />
    <property name="libs.eclipselinkmodelgen.src" value="" />
    <property name="javadoc.notree" value="false" />
    <property name="netbeans.autoupdate.version" value="1.23" />
    <property name="netbeans.running.environment" value="gnome" />
    <property name="javac.profile.cmd.line.arg" value="" />
    <property name="jdk.home" value="/usr/lib/jvm/java-8-oracle" />
    <property name="libs.javac-api.src" value="" />
    <property name="javafx.enabled" value="true" />
    <property name="javadoc.noindex" value="false" />
    <property name="libs.jpa2-persistence.classpath" value="/home/pompeu/netbeans-8.0.1/java/modules/ext/hibernate4/hibernate-jpa-2.1-api-1.0.0.Final.jar" />
    <property name="sun.os.patch.level" value="unknown" />
    <property name="auxiliary.org-netbeans-modules-projectapi.issue214819_5f_fx_5f_enabled" value="true" />
    <property name="java.vm.specification.name" value="Java Virtual Machine Specification" />
    <property name="nb.show.statistics.ui" value="usageStatisticsEnabled" />
    <property name="netbeans.autoupdate.variant" value="" />
    <property name="have.tests" value="true" />
    <property name="org.xml.sax.driver" value="com.sun.org.apache.xerces.internal.jaxp.SAXParserImpl$JAXPSAXParser" />
    <property name="libs.javac-api.javadoc" value="" />
    <property name="os.name" value="Linux" />
    <property name="libs.beans-binding.classpath" value="/home/pompeu/netbeans-8.0.1/java/modules/ext/beansbinding-1.2.1.jar" />
    <property name="ap.proc.none.internal" value="" />
    <property name="libs.JWSAntTasks.maven-pom" value="" />
    <property name="libs.testng.src" value="" />
    <property name="javafx.preloader.project.path" value="" />
    <property name="java.vendor.url.bug" value="http://bugreport.sun.com/bugreport/" />
    <property name="javafx.preloader.type" value="none" />
    <property name="libs.jaxb.maven-pom" value="" />
    <property name="os.arch" value="i386" />
    <property name="libs.eclipselink.src" value="" />
    <property name="user.name" value="pompeu" />
    <property name="copylibs.rebase" value="true" />
    <property name="ant.file.Lojinha-impl" value="/home/pompeu/NetBeansProjects/lojinhaJavaX/nbproject/build-impl.xml" />
    <property name="javax.xml.datatype.DatatypeFactory" value="com.sun.org.apache.xerces.internal.jaxp.datatype.DatatypeFactoryImpl" />
    <property name="libs.swing-layout.maven-pom" value="" />
    <property name="sun.java.command" value="org.apache.tools.ant.taskdefs.optional.junit.JUnitTestRunner testes.DAO.FornecedorDAOTeste skipNonTests=false filtertrace=true haltOnError=false haltOnFailure=false showoutput=true outputtoformatters=true logfailedtests=true threadid=0 logtestlistenerevents=true formatter=org.apache.tools.ant.taskdefs.optional.junit.BriefJUnitResultFormatter formatter=org.apache.tools.ant.taskdefs.optional.junit.XMLJUnitResultFormatter,/home/pompeu/NetBeansProjects/lojinhaJavaX/build/test/results/TEST-testes.DAO.FornecedorDAOTeste.xml crashfile=/home/pompeu/NetBeansProjects/lojinhaJavaX/build/junitvmwatcher5384420569633693477.properties propsfile=/home/pompeu/NetBeansProjects/lojinhaJavaX/build/junit7634598695019178750.properties" />
    <property name="build.classes.dir" value="build/classes" />
    <property name="netbeans.accept_license_class" value="org.netbeans.license.AcceptLicense" />
    <property name="build.sysclasspath" value="ignore" />
    <property name="ap.supported.internal" value="true" />
    <property name="libs.jaxws21.javadoc" value="/home/pompeu/netbeans-8.0.1/java/docs/jaxws-api-doc.zip" />
    <property name="javafx.run.width" value="800" />
    <property name="includes" value="**" />
    <property name="javax.xml.parsers.DocumentBuilderFactory" value="com.sun.org.apache.xerces.internal.jaxp.DocumentBuilderFactoryImpl" />
    <property name="ant.file.type.Lojinha" value="file" />
    <property name="user.country" value="PT" />
    <property name="manifest.file" value="manifest.mf" />
    <property name="javadoc.encoding" value="UTF-8" />
    <property name="javac.classpath" value="/usr/lib/jvm/java-8-oracle/jre/lib/javaws.jar:/usr/lib/jvm/java-8-oracle/jre/lib/deploy.jar:/usr/lib/jvm/java-8-oracle/jre/lib/plugin.jar:/home/pompeu/netbeans-8.0.1/java/modules/ext/eclipselink/eclipselink.jar:/home/pompeu/netbeans-8.0.1/java/modules/ext/eclipselink/javax.persistence_2.1.0.v201304241213.jar:/home/pompeu/netbeans-8.0.1/java/modules/ext/eclipselink/org.eclipse.persistence.jpa.jpql_2.5.2.v20140319-9ad6abd.jar:/home/pompeu/netbeans-8.0.1/ide/modules/ext/postgresql-9.2-1002.jdbc4.jar" />
    <property name="libs.JAVADB_DRIVER_LABEL.src" value="" />
    <property name="libs.spring-framework400.classpath" value="/home/pompeu/netbeans-8.0.1/ide/modules/org-apache-commons-logging.jar:/home/pompeu/netbeans-8.0.1/java/modules/ext/cglib-2.2.jar:/home/pompeu/netbeans-8.0.1/java/modules/ext/spring-4/spring-aop-4.0.1.RELEASE.jar:/home/pompeu/netbeans-8.0.1/java/modules/ext/spring-4/spring-aspects-4.0.1.RELEASE.jar:/home/pompeu/netbeans-8.0.1/java/modules/ext/spring-4/spring-beans-4.0.1.RELEASE.jar:/home/pompeu/netbeans-8.0.1/java/modules/ext/spring-4/spring-build-src-4.0.1.RELEASE.jar:/home/pompeu/netbeans-8.0.1/java/modules/ext/spring-4/spring-context-4.0.1.RELEASE.jar:/home/pompeu/netbeans-8.0.1/java/modules/ext/spring-4/spring-context-support-4.0.1.RELEASE.jar:/home/pompeu/netbeans-8.0.1/java/modules/ext/spring-4/spring-core-4.0.1.RELEASE.jar:/home/pompeu/netbeans-8.0.1/java/modules/ext/spring-4/spring-expression-4.0.1.RELEASE.jar:/home/pompeu/netbeans-8.0.1/java/modules/ext/spring-4/spring-framework-bom-4.0.1.RELEASE.jar:/home/pompeu/netbeans-8.0.1/java/modules/ext/spring-4/spring-instrument-4.0.1.RELEASE.jar:/home/pompeu/netbeans-8.0.1/java/modules/ext/spring-4/spring-instrument-tomcat-4.0.1.RELEASE.jar:/home/pompeu/netbeans-8.0.1/java/modules/ext/spring-4/spring-jdbc-4.0.1.RELEASE.jar:/home/pompeu/netbeans-8.0.1/java/modules/ext/spring-4/spring-jms-4.0.1.RELEASE.jar:/home/pompeu/netbeans-8.0.1/java/modules/ext/spring-4/spring-messaging-4.0.1.RELEASE.jar:/home/pompeu/netbeans-8.0.1/java/modules/ext/spring-4/spring-orm-4.0.1.RELEASE.jar:/home/pompeu/netbeans-8.0.1/java/modules/ext/spring-4/spring-oxm-4.0.1.RELEASE.jar:/home/pompeu/netbeans-8.0.1/java/modules/ext/spring-4/spring-test-4.0.1.RELEASE.jar:/home/pompeu/netbeans-8.0.1/java/modules/ext/spring-4/spring-tx-4.0.1.RELEASE.jar:/home/pompeu/netbeans-8.0.1/java/modules/ext/spring-4/spring-web-4.0.1.RELEASE.jar:/home/pompeu/netbeans-8.0.1/java/modules/ext/spring-4/spring-webmvc-4.0.1.RELEASE.jar:/home/pompeu/netbeans-8.0.1/java/modules/ext/spring-4/spring-webmvc-portlet-4.0.1.RELEASE.jar:/home/pompeu/netbeans-8.0.1/java/modules/ext/spring-4/spring-websocket-4.0.1.RELEASE.jar" />
    <property name="debug-transport" value="dt_socket" />
    <property name="netbeans.home" value="/home/pompeu/netbeans-8.0.1/platform" />
    <property name="build.compiler.emacs" value="true" />
    <property name="javafx.deploy.includeDT" value="true" />
    <property name="java.endorsed.dirs" value="/usr/lib/jvm/java-8-oracle/jre/lib/endorsed" />
    <property name="test.includes" value="testes/DAO/FornecedorDAOTeste.java" />
    <property name="netbeans.dynamic.classpath" value="/home/pompeu/netbeans-8.0.1/platform/core/org-openide-filesystems.jar:/home/pompeu/netbeans-8.0.1/platform/core/core.jar:/home/pompeu/netbeans-8.0.1/platform/core/locale/core_pt_BR.jar:/home/pompeu/netbeans-8.0.1/platform/core/locale/core_zh_CN.jar:/home/pompeu/netbeans-8.0.1/platform/core/locale/org-openide-filesystems_ja.jar:/home/pompeu/netbeans-8.0.1/platform/core/locale/org-openide-filesystems_pt_BR.jar:/home/pompeu/netbeans-8.0.1/platform/core/locale/org-openide-filesystems_zh_CN.jar:/home/pompeu/netbeans-8.0.1/platform/core/locale/org-openide-filesystems_ru.jar:/home/pompeu/netbeans-8.0.1/platform/core/locale/core_ru.jar:/home/pompeu/netbeans-8.0.1/platform/core/locale/core_ja.jar:/home/pompeu/netbeans-8.0.1/nb/core/org-netbeans-upgrader.jar:/home/pompeu/netbeans-8.0.1/nb/core/locale/core_nb_ja.jar:/home/pompeu/netbeans-8.0.1/nb/core/locale/org-netbeans-upgrader_ru.jar:/home/pompeu/netbeans-8.0.1/nb/core/locale/core_nb_pt_BR.jar:/home/pompeu/netbeans-8.0.1/nb/core/locale/core_nb_zh_CN.jar:/home/pompeu/netbeans-8.0.1/nb/core/locale/core_nb.jar:/home/pompeu/netbeans-8.0.1/nb/core/locale/org-netbeans-upgrader_ja.jar:/home/pompeu/netbeans-8.0.1/nb/core/locale/org-netbeans-upgrader_zh_CN.jar:/home/pompeu/netbeans-8.0.1/nb/core/locale/core_nb_ru.jar:/home/pompeu/netbeans-8.0.1/nb/core/locale/org-netbeans-upgrader_pt_BR.jar" />
    <property name="jnlp.enabled" value="false" />
    <property name="java.vm.specification.version" value="1.8" />
    <property name="libs.hibernate4-support.src" value="" />
    <property name="netbeans.productversion" value="NetBeans IDE 8.0.1 (Build 201408251540)" />
    <property name="javafx.preloader.class" value="" />
    <property name="libs.jaxws21.src" value="" />
    <property name="application.title" value="Lojinha" />
    <property name="netbeans.autoupdate.language" value="pt" />
    <property name="java.vendor" value="Oracle Corporation" />
    <property name="sun.font.fontmanager" value="sun.awt.X11FontManager" />
    <property name="jar.index.metainf" value="false" />
    <property name="javac.debug" value="true" />
    <property name="javadoc.splitindex" value="true" />
    <property name="file.separator" value="/" />
    <property name="javac.includesfile.binary" value="/home/pompeu/NetBeansProjects/lojinhaJavaX/null1042326593" />
    <property name="libs.junit_4.maven-pom" value="" />
    <property name="javac.test.processorpath" value="/usr/lib/jvm/java-8-oracle/jre/lib/javaws.jar:/usr/lib/jvm/java-8-oracle/jre/lib/deploy.jar:/usr/lib/jvm/java-8-oracle/jre/lib/plugin.jar:/home/pompeu/netbeans-8.0.1/java/modules/ext/eclipselink/eclipselink.jar:/home/pompeu/netbeans-8.0.1/java/modules/ext/eclipselink/javax.persistence_2.1.0.v201304241213.jar:/home/pompeu/netbeans-8.0.1/java/modules/ext/eclipselink/org.eclipse.persistence.jpa.jpql_2.5.2.v20140319-9ad6abd.jar:/home/pompeu/netbeans-8.0.1/ide/modules/ext/postgresql-9.2-1002.jdbc4.jar:build/classes:/home/pompeu/netbeans-8.0.1/platform/modules/ext/junit-4.10.jar" />
    <property name="netbeans.buildnumber" value="201408251540" />
    <property name="libs.JWSAntTasks.javadoc" value="" />
    <property name="build.generated.sources.dir" value="build/generated-sources" />
    <property name="libs.eclipselinkmodelgen.classpath" value="/home/pompeu/netbeans-8.0.1/java/modules/ext/eclipselink/org.eclipse.persistence.jpa.modelgen_2.5.2.v20140319-9ad6abd.jar" />
    <property name="sun.java.launcher" value="SUN_STANDARD" />
    <property name="libs.junit.classpath" value="/home/pompeu/netbeans-8.0.1/java/modules/ext/junit-3.8.2.jar" />
    <property name="libs.hibernate4-persistencemodelgen.javadoc" value="" />
    <property name="libs.jaxb.javadoc" value="/home/pompeu/netbeans-8.0.1/ide/docs/jaxb-api-doc.zip" />
    <property name="javac.includes.binary" value="/home/pompeu/NetBeansProjects/lojinhaJavaX/build/test/classes/testes/DAO/FornecedorDAOTeste.class" />
    <property name="ant.home" value="/home/pompeu/netbeans-8.0.1/extide/ant" />
    <property name="libs.junit_4.src" value="/home/pompeu/netbeans-8.0.1/java/docs/junit-4.10-sources.jar" />
    <property name="javafx.run.height" value="600" />
    <property name="libs.testng.classpath" value="/home/pompeu/netbeans-8.0.1/platform/modules/ext/testng-6.8.1-dist.jar" />
    <property name="libs.absolutelayout.maven-pom" value="" />
    <property name="ant.java.version" value="1.8" />
    <property name="java.library.path" value="/usr/lib/jvm/java-8-oracle/jre/lib/amd64:/usr/lib/jvm/java-8-oracle/jre/lib/i386::/usr/java/packages/lib/i386:/lib:/usr/lib" />
    <property name="javadoc.author" value="false" />
    <property name="java.util.logging.config.class" value="org.netbeans.core.startup.TopLogging" />
    <property name="libs.spring-framework400.src" value="" />
    <property name="libs.PostgreSQLDriver.src" value="" />
    <property name="sun.arch.data.model" value="32" />
    <property name="basedir" value="/home/pompeu/NetBeansProjects/lojinhaJavaX" />
    <property name="libs.jpa20-persistence.maven-pom" value="" />
    <property name="jar.compress" value="false" />
    <property name="libs.JasperReports.classpath" value="/home/pompeu/netbeans-8.0.1/ireport/modules/ext/commons-collections-3.2.1.jar:/home/pompeu/netbeans-8.0.1/ireport/modules/ext/commons-logging-1.1.jar:/home/pompeu/netbeans-8.0.1/ireport/modules/ext/jaxen-1.1.1.jar:/home/pompeu/netbeans-8.0.1/ireport/modules/ext/jcommon-1.0.15.jar:/home/pompeu/netbeans-8.0.1/ireport/modules/ext/jfreechart-1.0.12.jar:/home/pompeu/netbeans-8.0.1/ireport/modules/ext/jpa.jar:/home/pompeu/netbeans-8.0.1/ireport/modules/ext/png-encoder-1.5.jar:/home/pompeu/netbeans-8.0.1/ireport/libs/xalan.jar:/home/pompeu/netbeans-8.0.1/ireport/modules/ext/xml-apis.jar:/home/pompeu/netbeans-8.0.1/ireport/modules/ext/batik-anim.jar:/home/pompeu/netbeans-8.0.1/ireport/modules/ext/batik-awt-util.jar:/home/pompeu/netbeans-8.0.1/ireport/modules/ext/batik-bridge.jar:/home/pompeu/netbeans-8.0.1/ireport/modules/ext/batik-css.jar:/home/pompeu/netbeans-8.0.1/ireport/modules/ext/batik-dom.jar:/home/pompeu/netbeans-8.0.1/ireport/modules/ext/batik-ext.jar:/home/pompeu/netbeans-8.0.1/ireport/modules/ext/batik-gvt.jar:/home/pompeu/netbeans-8.0.1/ireport/modules/ext/batik-parser.jar:/home/pompeu/netbeans-8.0.1/ireport/modules/ext/batik-script.jar:/home/pompeu/netbeans-8.0.1/ireport/modules/ext/batik-svg-dom.jar:/home/pompeu/netbeans-8.0.1/ireport/modules/ext/batik-svggen.jar:/home/pompeu/netbeans-8.0.1/ireport/modules/ext/batik-util.jar:/home/pompeu/netbeans-8.0.1/ireport/modules/ext/batik-xml.jar:/home/pompeu/netbeans-8.0.1/ireport/modules/ext/xml-apis-ext.jar:/home/pompeu/netbeans-8.0.1/ireport/modules/ext/castor-1.2.jar:/home/pompeu/netbeans-8.0.1/ireport/modules/ext/barbecue-1.5-beta1.jar" />
    <property name="path.separator" value=":" />
    <property name="ant.junit.enabletestlistenerevents" value="true" />
    <property name="sun.io.unicode.encoding" value="UnicodeLittle" />
    <property name="libs.jaxws21.classpath" value="/home/pompeu/netbeans-8.0.1/ide/modules/ext/jaxb/jaxb-impl.jar:/home/pompeu/netbeans-8.0.1/ide/modules/ext/jaxb/jaxb-xjc.jar:/home/pompeu/netbeans-8.0.1/java/modules/ext/jaxws22/FastInfoset.jar:/home/pompeu/netbeans-8.0.1/java/modules/ext/jaxws22/gmbal-api-only.jar:/home/pompeu/netbeans-8.0.1/java/modules/ext/jaxws22/ha-api.jar:/home/pompeu/netbeans-8.0.1/java/modules/ext/jaxws22/javax.mail_1.4.jar:/home/pompeu/netbeans-8.0.1/java/modules/ext/jaxws22/jaxws-rt.jar:/home/pompeu/netbeans-8.0.1/java/modules/ext/jaxws22/jaxws-tools.jar:/home/pompeu/netbeans-8.0.1/java/modules/ext/jaxws22/management-api.jar:/home/pompeu/netbeans-8.0.1/java/modules/ext/jaxws22/mimepull.jar:/home/pompeu/netbeans-8.0.1/java/modules/ext/jaxws22/policy.jar:/home/pompeu/netbeans-8.0.1/java/modules/ext/jaxws22/saaj-impl.jar:/home/pompeu/netbeans-8.0.1/java/modules/ext/jaxws22/stax-ex.jar:/home/pompeu/netbeans-8.0.1/java/modules/ext/jaxws22/stax2-api.jar:/home/pompeu/netbeans-8.0.1/java/modules/ext/jaxws22/streambuffer.jar:/home/pompeu/netbeans-8.0.1/java/modules/ext/jaxws22/woodstox-core-asl.jar:/home/pompeu/netbeans-8.0.1/java/modules/ext/jaxws22/api/jaxws-api.jar:/home/pompeu/netbeans-8.0.1/java/modules/ext/jaxws22/api/jsr181-api.jar:/home/pompeu/netbeans-8.0.1/java/modules/ext/jaxws22/api/javax.annotation.jar:/home/pompeu/netbeans-8.0.1/java/modules/ext/jaxws22/api/saaj-api.jar:/home/pompeu/netbeans-8.0.1/ide/modules/ext/jaxb/activation.jar:/home/pompeu/netbeans-8.0.1/ide/modules/ext/jaxb/api/jaxb-api.jar:/home/pompeu/netbeans-8.0.1/ide/modules/ext/jaxb/api/jsr173_1.0_api.jar" />
    <property name="compile.on.save" value="true" />
    <property name="apple.awt.graphics.UseQuartz" value="true" />
    <property name="user.language" value="pt" />
    <property name="testng.mode" value="testng" />
    <property name="libs.JAXB-ENDORSED.maven-pom" value="" />
    <property name="libs.eclipselink.maven-pom" value="" />
    <property name="application.vendor" value="pompeu" />
    <property name="test.binaryincludes" value="&lt;nothing&gt;" />
    <property name="manifest.available" value="true" />
    <property name="libs.spring-framework300.maven-pom" value="" />
    <property name="run.test.classpath" value="/usr/lib/jvm/java-8-oracle/jre/lib/javaws.jar:/usr/lib/jvm/java-8-oracle/jre/lib/deploy.jar:/usr/lib/jvm/java-8-oracle/jre/lib/plugin.jar:/home/pompeu/netbeans-8.0.1/java/modules/ext/eclipselink/eclipselink.jar:/home/pompeu/netbeans-8.0.1/java/modules/ext/eclipselink/javax.persistence_2.1.0.v201304241213.jar:/home/pompeu/netbeans-8.0.1/java/modules/ext/eclipselink/org.eclipse.persistence.jpa.jpql_2.5.2.v20140319-9ad6abd.jar:/home/pompeu/netbeans-8.0.1/ide/modules/ext/postgresql-9.2-1002.jdbc4.jar:build/classes:/home/pompeu/netbeans-8.0.1/platform/modules/ext/junit-4.10.jar:build/test/classes" />
    <property name="ant.project.invoked-targets" value="test-single" />
    <property name="test.binaryexcludes" value="" />
    <property name="libs.swing-layout.javadoc" value="/home/pompeu/netbeans-8.0.1/platform/docs/swing-layout-1.0.4-doc.zip" />
    <property name="sun.java2d.dpiaware" value="true" />
    <property name="libs.hibernate4-persistence.maven-pom" value="" />
    <property name="https.nonProxyHosts" value="localhost|127.0.0.1|pompeu-System-Product-Name" />
    <property name="libs.PostgreSQLDriver.maven-pom" value="" />
    <property name="java.class.version" value="52.0" />
    <property name="libs.JAVADB_DRIVER_LABEL.classpath" value="/usr/lib/jvm/java-8-oracle/db/lib/derby.jar:/usr/lib/jvm/java-8-oracle/db/lib/derbyclient.jar:/usr/lib/jvm/java-8-oracle/db/lib/derbynet.jar" />
    <property name="libs.hibernate4-persistencemodelgen.maven-pom" value="" />
    <property name="libs.eclipselink.javadoc" value="/home/pompeu/netbeans-8.0.1/java/modules/ext/docs/javax.persistence-2.1.0-doc.zip" />
    <property name="user.properties.file" value="/home/pompeu/.netbeans/8.0.1/build.properties" />
    <property name="runtime.encoding" value="UTF-8" />
    <property name="javafx.rebase.libs" value="false" />
    <property name="libs.javac-api.maven-pom" value="" />
    <property name="file.encoding.pkg" value="sun.io" />
    <property name="sun.cpu.endian" value="little" />
    <property name="libs.JAXB-ENDORSED.javadoc" value="" />
    <property name="libs.JWSAntTasks.classpath" value="/home/pompeu/netbeans-8.0.1/java/ant/extra/org-netbeans-modules-javawebstart-anttasks.jar" />
    <property name="libs.spring-framework300.src" value="" />
    <property name="empty.dir" value="/home/pompeu/NetBeansProjects/lojinhaJavaX/build/empty" />
    <property name="javafx.deploy.backgroundupdate" value="false" />
    <property name="javafx.disable.concurrent.runs" value="false" />
    <property name="version-output" value="java version &quot;1.8" />
    <property name="test.binarytestincludes" value="" />
    <property name="libs.hibernate4-persistencemodelgen.src" value="" />
    <property name="javafx.preloader.jar.path" value="" />
    <property name="javadoc.preview" value="true" />
    <property name="libs.jpa20-persistence.javadoc" value="/home/pompeu/netbeans-8.0.1/java/modules/ext/docs/javax.persistence-2.1.0-doc.zip" />
    <property name="java.home" value="/usr/lib/jvm/java-8-oracle/jre" />
    <property name="ant.file.Lojinha" value="/home/pompeu/NetBeansProjects/lojinhaJavaX/build.xml" />
    <property name="debug.test.classpath" value="/usr/lib/jvm/java-8-oracle/jre/lib/javaws.jar:/usr/lib/jvm/java-8-oracle/jre/lib/deploy.jar:/usr/lib/jvm/java-8-oracle/jre/lib/plugin.jar:/home/pompeu/netbeans-8.0.1/java/modules/ext/eclipselink/eclipselink.jar:/home/pompeu/netbeans-8.0.1/java/modules/ext/eclipselink/javax.persistence_2.1.0.v201304241213.jar:/home/pompeu/netbeans-8.0.1/java/modules/ext/eclipselink/org.eclipse.persistence.jpa.jpql_2.5.2.v20140319-9ad6abd.jar:/home/pompeu/netbeans-8.0.1/ide/modules/ext/postgresql-9.2-1002.jdbc4.jar:build/classes:/home/pompeu/netbeans-8.0.1/platform/modules/ext/junit-4.10.jar:build/test/classes" />
    <property name="netbeans.importclass" value="org.netbeans.upgrade.AutoUpgrade" />
    <property name="ant.project.default-target" value="default" />
    <property name="annotation.processing.run.all.processors" value="true" />
    <property name="jar.archive.disabled" value="true" />
    <property name="libs.PostgreSQLDriver.javadoc" value="" />
    <property name="javafx.main.class" value="lojinha.Main" />
    <property name="libs.MySQLDriver.maven-pom" value="" />
    <property name="libs.hibernate4-persistence.javadoc" value="/home/pompeu/netbeans-8.0.1/java/modules/ext/docs/javax.persistence-2.1.0-doc.zip" />
    <property name="javafx.application.implementation.version" value="1.0" />
    <property name="http.nonProxyHosts" value="localhost|127.0.0.1|pompeu-System-Product-Name" />
    <property name="libs.junit_4.javadoc" value="/home/pompeu/netbeans-8.0.1/java/docs/junit-4.10-javadoc.jar" />
    <property name="run.classpath" value="dist/Lojinha.jar:/usr/lib/jvm/java-8-oracle/jre/lib/javaws.jar:/usr/lib/jvm/java-8-oracle/jre/lib/deploy.jar:/usr/lib/jvm/java-8-oracle/jre/lib/plugin.jar:/home/pompeu/netbeans-8.0.1/java/modules/ext/eclipselink/eclipselink.jar:/home/pompeu/netbeans-8.0.1/java/modules/ext/eclipselink/javax.persistence_2.1.0.v201304241213.jar:/home/pompeu/netbeans-8.0.1/java/modules/ext/eclipselink/org.eclipse.persistence.jpa.jpql_2.5.2.v20140319-9ad6abd.jar:/home/pompeu/netbeans-8.0.1/ide/modules/ext/postgresql-9.2-1002.jdbc4.jar:build/classes" />
    <property name="endorsed.javafx.ant.classpath" value="." />
    <property name="jna.boot.library.name" value="jnidispatch-410" />
    <property name="sun.awt.datatransfer.timeout" value="1000" />
    <property name="libs.jpa2-persistence.maven-pom" value="" />
    <property name="annotation.processing.enabled.in.editor" value="false" />
    <property name="libs.hibernate4-support.classpath" value="/home/pompeu/netbeans-8.0.1/java/modules/ext/hibernate4/antlr-2.7.7.jar:/home/pompeu/netbeans-8.0.1/java/modules/ext/hibernate4/c3p0-0.9.2.1.jar:/home/pompeu/netbeans-8.0.1/java/modules/ext/hibernate4/hibernate-c3p0-4.3.1.Final.jar:/home/pompeu/netbeans-8.0.1/java/modules/ext/hibernate4/mchange-commons-java-0.2.3.4.jar:/home/pompeu/netbeans-8.0.1/java/modules/ext/hibernate4/dom4j-1.6.1.jar:/home/pompeu/netbeans-8.0.1/java/modules/ext/hibernate4/ehcache-core-2.4.3.jar:/home/pompeu/netbeans-8.0.1/java/modules/ext/hibernate4/hibernate-ehcache-4.3.1.Final.jar:/home/pompeu/netbeans-8.0.1/java/modules/ext/hibernate4/hibernate-core-4.3.1.Final.jar:/home/pompeu/netbeans-8.0.1/java/modules/ext/hibernate4/jboss-logging-3.1.3.GA.jar:/home/pompeu/netbeans-8.0.1/java/modules/ext/hibernate4/hibernate-commons-annotations-4.0.4.Final.jar:/home/pompeu/netbeans-8.0.1/java/modules/ext/hibernate4/hibernate-entitymanager-4.3.1.Final.jar:/home/pompeu/netbeans-8.0.1/java/modules/ext/hibernate4/javassist-3.18.1-GA.jar:/home/pompeu/netbeans-8.0.1/java/modules/ext/hibernate4/jboss-transaction-api_1.2_spec-1.0.0.Final.jar:/home/pompeu/netbeans-8.0.1/java/modules/ext/hibernate4/slf4j-api-1.6.1.jar:/home/pompeu/netbeans-8.0.1/java/modules/ext/hibernate4/slf4j-simple-1.6.1.jar" />
    <property name="nb.native.filechooser" value="false" />
    <property name="sun.management.compiler" value="HotSpot Tiered Compilers" />
    <property name="javac.deprecation" value="false" />
    <property name="javadoc.use" value="true" />
    <property name="sun.java2d.noddraw" value="true" />
    <property name="javac.processorpath" value="/usr/lib/jvm/java-8-oracle/jre/lib/javaws.jar:/usr/lib/jvm/java-8-oracle/jre/lib/deploy.jar:/usr/lib/jvm/java-8-oracle/jre/lib/plugin.jar:/home/pompeu/netbeans-8.0.1/java/modules/ext/eclipselink/eclipselink.jar:/home/pompeu/netbeans-8.0.1/java/modules/ext/eclipselink/javax.persistence_2.1.0.v201304241213.jar:/home/pompeu/netbeans-8.0.1/java/modules/ext/eclipselink/org.eclipse.persistence.jpa.jpql_2.5.2.v20140319-9ad6abd.jar:/home/pompeu/netbeans-8.0.1/ide/modules/ext/postgresql-9.2-1002.jdbc4.jar:/home/pompeu/netbeans-8.0.1/java/modules/ext/hibernate4/hibernate-jpamodelgen-4.3.1.Final.jar" />
    <property name="javac.compilerargs" value="" />
    <property name="ant.file" value="/home/pompeu/NetBeansProjects/lojinhaJavaX/build.xml" />
    <property name="libs.beans-binding.maven-pom" value="" />
    <property name="libs.hibernate4-support.javadoc" value="/home/pompeu/netbeans-8.0.1/java/modules/ext/docs/javax.persistence-2.1.0-doc.zip" />
    <property name="libs.beans-binding.src" value="" />
    <property name="java.vm.specification.vendor" value="Oracle Corporation" />
    <property name="libs.swing-layout.src" value="/home/pompeu/netbeans-8.0.1/platform/docs/swing-layout-1.0.4-src.zip" />
    <property name="org.openide.major.version" value="IDE/1" />
    <property name="java.vm.name" value="Java HotSpot(TM) Server VM" />
    <property name="javafx.preloader.jar.filename" value="" />
    <property name="netbeans.user" value="/home/pompeu/.netbeans/8.0.1" />
    <property name="javadoc.additionalparam" value="" />
    <property name="java.io.tmpdir" value="/tmp" />
    <property name="java.vendor.url" value="http://java.oracle.com/" />
    <property name="endorsed.classpath.cmd.line.arg" value="" />
    <property name="junit.available" value="true" />
    <property name="sun.boot.library.path" value="/usr/lib/jvm/java-8-oracle/jre/lib/i386" />
    <property name="have.sources" value="true" />
    <property name="debug.classpath" value="dist/Lojinha.jar:/usr/lib/jvm/java-8-oracle/jre/lib/javaws.jar:/usr/lib/jvm/java-8-oracle/jre/lib/deploy.jar:/usr/lib/jvm/java-8-oracle/jre/lib/plugin.jar:/home/pompeu/netbeans-8.0.1/java/modules/ext/eclipselink/eclipselink.jar:/home/pompeu/netbeans-8.0.1/java/modules/ext/eclipselink/javax.persistence_2.1.0.v201304241213.jar:/home/pompeu/netbeans-8.0.1/java/modules/ext/eclipselink/org.eclipse.persistence.jpa.jpql_2.5.2.v20140319-9ad6abd.jar:/home/pompeu/netbeans-8.0.1/ide/modules/ext/postgresql-9.2-1002.jdbc4.jar:build/classes" />
    <property name="javadoc.private" value="false" />
    <property name="test.src.dir" value="test" />
    <property name="ap.processors.internal" value="" />
    <property name="meta.inf.dir" value="src/META-INF" />
    <property name="javadoc.encoding.used" value="UTF-8" />
    <property name="dist.jar" value="dist/Lojinha.jar" />
    <property name="libs.spring-framework400.maven-pom" value="" />
    <property name="java.runtime.name" value="Java(TM) SE Runtime Environment" />
    <property name="ant.project.name" value="Lojinha" />
    <property name="netbeans.hash.code" value="unique=NB_EXTIDE_JAVA0df1c25ee-a1bb-41a9-af1a-2514bff50ffd_59a7b6ba-0858-4eda-866d-0bab68862180" />
    <property name="netbeans.default_userdir_root" value="/home/pompeu/.netbeans" />
    <property name="sun.cpu.isalist" value="" />
    <property name="libs.spring-framework400.javadoc" value="" />
    <property name="libs.CopyLibs.javadoc" value="" />
    <property name="org.openide.specification.version" value="6.2" />
    <property name="javafx.classpath.extension" value="/usr/lib/jvm/java-8-oracle/jre/lib/javaws.jar:/usr/lib/jvm/java-8-oracle/jre/lib/deploy.jar:/usr/lib/jvm/java-8-oracle/jre/lib/plugin.jar" />
    <property name="user.home" value="/home/pompeu" />
    <property name="annotation.processing.processors.list" value="" />
    <property name="debug-args-line" value="-Xdebug" />
    <property name="libs.JWSAntTasks.src" value="" />
    <property name="jar.index" value="false" />
    <property name="libs.CopyLibs.maven-pom" value="" />
    <property name="libs.spring-framework300.javadoc" value="" />
    <property name="libs.absolutelayout.javadoc" value="" />
    <property name="java.specification.name" value="Java Platform API Specification" />
    <property name="java.specification.vendor" value="Oracle Corporation" />
    <property name="libs.javac-api.classpath" value="/home/pompeu/netbeans-8.0.1/java/modules/ext/nb-javac-api.jar" />
    <property name="java.version" value="1.8.0_25" />
    <property name="run.jvmargs.ide" value="" />
    <property name="javadoc.version" value="false" />
    <property name="libs.MySQLDriver.javadoc" value="" />
    <property name="org.openide.version" value="deprecated" />
    <property name="platform.java" value="/usr/lib/jvm/java-8-oracle/jre/bin/java" />
    <property name="source.encoding" value="UTF-8" />
    <property name="ap.cmd.line.internal" value="" />
    <property name="libs.eclipselinkmodelgen.maven-pom" value="" />
    <property name="ant.file.type.jfx-impl" value="file" />
    <property name="libs.junit.maven-pom" value="" />
    <property name="libs.eclipselinkmodelgen.javadoc" value="" />
    <property name="ant.file.jfx-impl" value="/home/pompeu/NetBeansProjects/lojinhaJavaX/nbproject/jfx-impl.xml" />
    <property name="netbeans.home+have.tests" value="true" />
    <property name="annotation.processing.processor.options" value="-Aeclipselink.canonicalmodel.use_static_factory=false" />
    <property name="ant.file.type.Lojinha-impl" value="file" />
    <property name="libs.testng.maven-pom" value="" />
    <property name="libs.jaxb.src" value="" />
    <property name="work.dir" value="/home/pompeu/NetBeansProjects/lojinhaJavaX" />
    <property name="compile.on.save.unsupported.javafx" value="true" />
    <property name="libs.jaxb.classpath" value="/home/pompeu/netbeans-8.0.1/ide/modules/ext/jaxb/jaxb-impl.jar:/home/pompeu/netbeans-8.0.1/ide/modules/ext/jaxb/jaxb-xjc.jar:/home/pompeu/netbeans-8.0.1/ide/modules/ext/jaxb/jaxb1-impl.jar:/home/pompeu/netbeans-8.0.1/ide/modules/ext/jaxb/activation.jar:/home/pompeu/netbeans-8.0.1/ide/modules/ext/jaxb/api/jaxb-api.jar:/home/pompeu/netbeans-8.0.1/ide/modules/ext/jaxb/api/jsr173_1.0_api.jar" />
    <property name="do.depend" value="false" />
    <property name="dist.javadoc.dir" value="dist/javadoc" />
    <property name="has.persistence.xml" value="true" />
    <property name="libs.swing-layout.classpath" value="/home/pompeu/netbeans-8.0.1/platform/modules/ext/swing-layout-1.0.4.jar" />
    <property name="libs.JasperReports.maven-pom" value="" />
    <property name="build.generated.dir" value="build/generated" />
    <property name="javac.source" value="1.8" />
    <property name="javafx.fallback.class" value="com.javafx.main.NoJavaFXFallback" />
    <property name="line.separator" value="&#xa;" />
    <property name="java.specification.version" value="1.8" />
    <property name="libs.jaxws21.maven-pom" value="" />
    <property name="java.vm.info" value="mixed mode" />
    <property name="nb.junit.batch" value="true" />
    <property name="junit.forkmode" value="perTest" />
    <property name="sun.boot.class.path" value="/usr/lib/jvm/java-8-oracle/jre/lib/resources.jar:/usr/lib/jvm/java-8-oracle/jre/lib/rt.jar:/usr/lib/jvm/java-8-oracle/jre/lib/sunrsasign.jar:/usr/lib/jvm/java-8-oracle/jre/lib/jsse.jar:/usr/lib/jvm/java-8-oracle/jre/lib/jce.jar:/usr/lib/jvm/java-8-oracle/jre/lib/charsets.jar:/usr/lib/jvm/java-8-oracle/jre/lib/jfr.jar:/usr/lib/jvm/java-8-oracle/jre/classes" />
    <property name="javac.target" value="1.8" />
    <property name="built-jar.properties" value="/home/pompeu/NetBeansProjects/lojinhaJavaX/build/built-jar.properties" />
    <property name="build.test.classes.dir" value="build/test/classes" />
    <property name="src.dir" value="src" />
    <property name="annotation.processing.enabled" value="true" />
    <property name="libs.jpa2-persistence.src" value="" />
    <property name="libs.jpa20-persistence.src" value="" />
    <property name="libs.JAVADB_DRIVER_LABEL.maven-pom" value="" />
    <property name="javafx.enable.concurrent.external.runs" value="false" />
    <property name="javafx.deploy.embedJNLP" value="true" />
    <property name="dist.dir" value="dist" />
    <property name="testng.debug.mode" value="" />
    <property name="javac.fork" value="false" />
    <property name="java.awt.printerjob" value="sun.print.PSPrinterJob" />
    <property name="default.javac.source" value="1.8" />
    <property name="debug-transport-by-os" value="dt_socket" />
    <property name="libs.MySQLDriver.src" value="" />
    <property name="sun.jnu.encoding" value="UTF-8" />
    <property name="java.runtime.version" value="1.8.0_25-b17" />
    <property name="build.test.results.dir" value="build/test/results" />
    <property name="jna.platform.library.path" value="/usr/lib/i386-linux-gnu:/lib/i386-linux-gnu:/usr/lib32:/usr/lib:/lib" />
    <property name="default.javac.target" value="1.8" />
    <property name="libs.junit_4.classpath" value="/home/pompeu/netbeans-8.0.1/platform/modules/ext/junit-4.10.jar" />
    <property name="user.timezone" value="America/Sao_Paulo" />
    <property name="nb.junit.single" value="false" />
    <property name="libs.JAVADB_DRIVER_LABEL.javadoc" value="" />
    <property name="netbeans.dirs" value="/home/pompeu/netbeans-8.0.1/nb:/home/pompeu/netbeans-8.0.1/ergonomics:/home/pompeu/netbeans-8.0.1/ide:/home/pompeu/netbeans-8.0.1/extide:/home/pompeu/netbeans-8.0.1/java:/home/pompeu/netbeans-8.0.1/apisupport:/home/pompeu/netbeans-8.0.1/webcommon:/home/pompeu/netbeans-8.0.1/websvccommon:/home/pompeu/netbeans-8.0.1/enterprise:/home/pompeu/netbeans-8.0.1/mobility:/home/pompeu/netbeans-8.0.1/profiler:/home/pompeu/netbeans-8.0.1/python:/home/pompeu/netbeans-8.0.1/php:/home/pompeu/netbeans-8.0.1/identity:/home/pompeu/netbeans-8.0.1/harness:/home/pompeu/netbeans-8.0.1/cnd:/home/pompeu/netbeans-8.0.1/dlight:/home/pompeu/netbeans-8.0.1/groovy:/home/pompeu/netbeans-8.0.1/extra:/home/pompeu/netbeans-8.0.1/javacard:/home/pompeu/netbeans-8.0.1/javafx:/home/pompeu/netbeans-8.0.1/ireport:" />
    <property name="java.ext.dirs" value="/usr/lib/jvm/java-8-oracle/jre/lib/ext:/usr/java/packages/lib/ext" />
    <property name="endorsed.classpath" value="" />
    <property name="libs.absolutelayout.classpath" value="/home/pompeu/netbeans-8.0.1/java/modules/ext/AbsoluteLayout.jar" />
    <property name="excludes" value="" />
    <property name="libs.jpa2-persistence.javadoc" value="/home/pompeu/netbeans-8.0.1/java/modules/ext/docs/javax.persistence-2.1.0-doc.zip" />
    <property name="apple.laf.useScreenMenuBar" value="true" />
    <property name="java.class.path" value="/usr/lib/jvm/java-8-oracle/jre/lib/javaws.jar:/usr/lib/jvm/java-8-oracle/jre/lib/deploy.jar:/usr/lib/jvm/java-8-oracle/jre/lib/plugin.jar:/home/pompeu/netbeans-8.0.1/java/modules/ext/eclipselink/eclipselink.jar:/home/pompeu/netbeans-8.0.1/java/modules/ext/eclipselink/javax.persistence_2.1.0.v201304241213.jar:/home/pompeu/netbeans-8.0.1/java/modules/ext/eclipselink/org.eclipse.persistence.jpa.jpql_2.5.2.v20140319-9ad6abd.jar:/home/pompeu/netbeans-8.0.1/ide/modules/ext/postgresql-9.2-1002.jdbc4.jar:/home/pompeu/NetBeansProjects/lojinhaJavaX/build/classes:/home/pompeu/netbeans-8.0.1/platform/modules/ext/junit-4.10.jar:/home/pompeu/NetBeansProjects/lojinhaJavaX/build/test/classes:/home/pompeu/netbeans-8.0.1/extide/ant/lib/ant-launcher.jar:/home/pompeu/netbeans-8.0.1/extide/ant/lib/ant.jar:/home/pompeu/netbeans-8.0.1/extide/ant/lib/ant-junit.jar:/home/pompeu/netbeans-8.0.1/extide/ant/lib/ant-junit4.jar" />
    <property name="libs.absolutelayout.src" value="" />
    <property name="libs.jpa20-persistence.classpath" value="/home/pompeu/netbeans-8.0.1/java/modules/ext/eclipselink/javax.persistence_2.1.0.v201304241213.jar" />
    <property name="os.version" value="3.13.0-40-generic" />
    <property name="application.args" value="" />
    <property name="manifest.custom.permissions" value="" />
    <property name="main.class.available" value="true" />
    <property name="sun.awt.enableExtraMouseButtons" value="true" />
    <property name="sun.desktop" value="gnome" />
    <property name="libs.hibernate4-persistence.src" value="" />
    <property name="libs.hibernate4-support.maven-pom" value="" />
    <property name="javafx.deploy.allowoffline" value="true" />
    <property name="libs.JAXB-ENDORSED.classpath" value="/home/pompeu/netbeans-8.0.1/ide/modules/ext/jaxb/api/jaxb-api.jar" />
    <property name="nb.internal.action.name" value="run.single" />
    <property name="libs.eclipselink.classpath" value="/home/pompeu/netbeans-8.0.1/java/modules/ext/eclipselink/eclipselink.jar:/home/pompeu/netbeans-8.0.1/java/modules/ext/eclipselink/javax.persistence_2.1.0.v201304241213.jar:/home/pompeu/netbeans-8.0.1/java/modules/ext/eclipselink/org.eclipse.persistence.jpa.jpql_2.5.2.v20140319-9ad6abd.jar" />
    <property name="libs.beans-binding.javadoc" value="/home/pompeu/netbeans-8.0.1/java/docs/beansbinding-1.2.1-doc.zip" />
    <property name="java.awt.graphicsenv" value="sun.awt.X11GraphicsEnvironment" />
    <property name="java.vm.vendor" value="Oracle Corporation" />
    <property name="libs.CopyLibs.classpath" value="/home/pompeu/netbeans-8.0.1/java/ant/extra/org-netbeans-modules-java-j2seproject-copylibstask.jar" />
    <property name="libs.spring-framework300.classpath" value="/home/pompeu/netbeans-8.0.1/ide/modules/org-apache-commons-logging.jar:/home/pompeu/netbeans-8.0.1/java/modules/ext/cglib-2.2.jar:/home/pompeu/netbeans-8.0.1/java/modules/ext/spring-3.0/spring-aop-3.2.7.RELEASE.jar:/home/pompeu/netbeans-8.0.1/java/modules/ext/spring-3.0/spring-aspects-3.2.7.RELEASE.jar:/home/pompeu/netbeans-8.0.1/java/modules/ext/spring-3.0/spring-beans-3.2.7.RELEASE.jar:/home/pompeu/netbeans-8.0.1/java/modules/ext/spring-3.0/spring-build-src-3.2.7.RELEASE.jar:/home/pompeu/netbeans-8.0.1/java/modules/ext/spring-3.0/spring-context-3.2.7.RELEASE.jar:/home/pompeu/netbeans-8.0.1/java/modules/ext/spring-3.0/spring-context-support-3.2.7.RELEASE.jar:/home/pompeu/netbeans-8.0.1/java/modules/ext/spring-3.0/spring-core-3.2.7.RELEASE.jar:/home/pompeu/netbeans-8.0.1/java/modules/ext/spring-3.0/spring-expression-3.2.7.RELEASE.jar:/home/pompeu/netbeans-8.0.1/java/modules/ext/spring-3.0/spring-framework-bom-3.2.7.RELEASE.jar:/home/pompeu/netbeans-8.0.1/java/modules/ext/spring-3.0/spring-instrument-3.2.7.RELEASE.jar:/home/pompeu/netbeans-8.0.1/java/modules/ext/spring-3.0/spring-instrument-tomcat-3.2.7.RELEASE.jar:/home/pompeu/netbeans-8.0.1/java/modules/ext/spring-3.0/spring-jdbc-3.2.7.RELEASE.jar:/home/pompeu/netbeans-8.0.1/java/modules/ext/spring-3.0/spring-jms-3.2.7.RELEASE.jar:/home/pompeu/netbeans-8.0.1/java/modules/ext/spring-3.0/spring-orm-3.2.7.RELEASE.jar:/home/pompeu/netbeans-8.0.1/java/modules/ext/spring-3.0/spring-oxm-3.2.7.RELEASE.jar:/home/pompeu/netbeans-8.0.1/java/modules/ext/spring-3.0/spring-struts-3.2.7.RELEASE.jar:/home/pompeu/netbeans-8.0.1/java/modules/ext/spring-3.0/spring-test-3.2.7.RELEASE.jar:/home/pompeu/netbeans-8.0.1/java/modules/ext/spring-3.0/spring-tx-3.2.7.RELEASE.jar:/home/pompeu/netbeans-8.0.1/java/modules/ext/spring-3.0/spring-web-3.2.7.RELEASE.jar:/home/pompeu/netbeans-8.0.1/java/modules/ext/spring-3.0/spring-webmvc-3.2.7.RELEASE.jar:/home/pompeu/netbeans-8.0.1/java/modules/ext/spring-3.0/spring-webmvc-portlet-3.2.7.RELEASE.jar" />
    <property name="run.jvmargs" value="" />
    <property name="libs.hibernate4-persistence.classpath" value="/home/pompeu/netbeans-8.0.1/java/modules/ext/hibernate4/antlr-2.7.7.jar:/home/pompeu/netbeans-8.0.1/java/modules/ext/hibernate4/c3p0-0.9.2.1.jar:/home/pompeu/netbeans-8.0.1/java/modules/ext/hibernate4/hibernate-c3p0-4.3.1.Final.jar:/home/pompeu/netbeans-8.0.1/java/modules/ext/hibernate4/mchange-commons-java-0.2.3.4.jar:/home/pompeu/netbeans-8.0.1/java/modules/ext/hibernate4/dom4j-1.6.1.jar:/home/pompeu/netbeans-8.0.1/java/modules/ext/hibernate4/ehcache-core-2.4.3.jar:/home/pompeu/netbeans-8.0.1/java/modules/ext/hibernate4/hibernate-ehcache-4.3.1.Final.jar:/home/pompeu/netbeans-8.0.1/java/modules/ext/hibernate4/hibernate-core-4.3.1.Final.jar:/home/pompeu/netbeans-8.0.1/java/modules/ext/hibernate4/jboss-logging-3.1.3.GA.jar:/home/pompeu/netbeans-8.0.1/java/modules/ext/hibernate4/hibernate-commons-annotations-4.0.4.Final.jar:/home/pompeu/netbeans-8.0.1/java/modules/ext/hibernate4/hibernate-entitymanager-4.3.1.Final.jar:/home/pompeu/netbeans-8.0.1/java/modules/ext/hibernate4/javassist-3.18.1-GA.jar:/home/pompeu/netbeans-8.0.1/java/modules/ext/hibernate4/jboss-transaction-api_1.2_spec-1.0.0.Final.jar:/home/pompeu/netbeans-8.0.1/java/modules/ext/hibernate4/slf4j-api-1.6.1.jar:/home/pompeu/netbeans-8.0.1/java/modules/ext/hibernate4/slf4j-simple-1.6.1.jar:/home/pompeu/netbeans-8.0.1/java/modules/ext/hibernate4/hibernate-jpa-2.1-api-1.0.0.Final.jar" />
    <property name="libs.JAXB-ENDORSED.src" value="" />
    <property name="libs.testng.javadoc" value="/home/pompeu/netbeans-8.0.1/platform/docs/testng-6.8.1-javadoc.zip" />
    <property name="libs.PostgreSQLDriver.classpath" value="/home/pompeu/netbeans-8.0.1/ide/modules/ext/postgresql-9.2-1002.jdbc4.jar" />
    <property name="libs.hibernate4-persistencemodelgen.classpath" value="/home/pompeu/netbeans-8.0.1/java/modules/ext/hibernate4/hibernate-jpamodelgen-4.3.1.Final.jar" />
    <property name="libs.junit.src" value="" />
    <property name="annotation.processing.source.output" value="build/generated-sources/ap-source-output" />
    <property name="main.class" value="com.javafx.main.Main" />
    <property name="libs.CopyLibs.src" value="" />
    <property name="build.dir" value="build" />
    <property name="ant.version" value="Apache Ant(TM) version 1.9.4 compiled on April 29 2014" />
    <property name="file.encoding" value="UTF-8" />
    <property name="build.classes.excludes" value="**/*.java,**/*.form" />
    <property name="jdkBug6558476" value="false" />
    <property name="javadoc.nonavbar" value="false" />
    <property name="platform.active" value="default_platform" />
    <property name="awt.toolkit" value="sun.awt.X11.XToolkit" />
  </properties>
  <testcase classname="testes.DAO.FornecedorDAOTeste" name="deveRetornarUmFornecdor" time="1.53" />
  <testcase classname="testes.DAO.FornecedorDAOTeste" name="deveRetornarTodosFornecedores" time="0.19" />
  <system-out><![CDATA[[EL Info]: 2014-11-29 12:30:09.262--ServerSession(12614541)--EclipseLink, version: Eclipse Persistence Services - 2.5.2.v20140319-9ad6abd
[EL Info]: connection: 2014-11-29 12:30:09.429--ServerSession(12614541)--file:/home/pompeu/NetBeansProjects/lojinhaJavaX/build/classes/_lojinha login successful
]]></system-out>
  <system-err><![CDATA[]]></system-err>
</testsuite>
